<?xml version="1.0" encoding="UTF-8"?>
<!-- Generated by org.testng.reporters.JUnitReportReporter -->
<testsuite hostname="DESKTOP-LR9MGE6" failures="0" tests="1" name="com.ecommerce.testcases.ProductPageTest" time="43.269" errors="0" timestamp="2024-06-15T18:08:45 IST" skipped="0">
  <testcase classname="com.ecommerce.testcases.ProductPageTest" name="productAvailable" time="43.269"/>
  <system-out/>
</testsuite> <!-- com.ecommerce.testcases.ProductPageTest -->
