<?xml version="1.0" encoding="UTF-8"?>
<!-- Generated by org.testng.reporters.JUnitReportReporter -->
<testsuite hostname="DESKTOP-LR9MGE6" failures="0" tests="1" name="com.ecommerce.testcases.EndToEndTest" time="76.579" errors="0" timestamp="2024-06-19T14:37:38 IST" skipped="0">
  <testcase classname="com.ecommerce.testcases.EndToEndTest" name="productAvailable" time="76.579"/>
  <system-out/>
</testsuite> <!-- com.ecommerce.testcases.EndToEndTest -->
