<?xml version="1.0" encoding="UTF-8"?>
<!-- Generated by org.testng.reporters.JUnitReportReporter -->
<testsuite hostname="DESKTOP-LR9MGE6" failures="0" tests="1" name="com.ecommerce.testcases.AccountPageTest" time="27.021" errors="0" timestamp="2024-06-20T19:59:07 IST" skipped="0">
  <testcase classname="com.ecommerce.testcases.AccountPageTest" name="verifyCreateAccountPageTest" time="27.021"/>
  <system-out/>
</testsuite> <!-- com.ecommerce.testcases.AccountPageTest -->
