<?xml version="1.0" encoding="UTF-8"?>
<!-- Generated by org.testng.reporters.JUnitReportReporter -->
<testsuite hostname="DESKTOP-LR9MGE6" failures="0" tests="3" name="com.ecommerce.testcases.HomePageTest" time="236.289" errors="0" timestamp="2024-06-20T19:59:07 IST" skipped="0">
  <testcase classname="com.ecommerce.testcases.HomePageTest" name="verifyCartIcon" time="78.164"/>
  <system-out/>
  <testcase classname="com.ecommerce.testcases.HomePageTest" name="verifyLogo" time="153.430"/>
  <system-out/>
  <testcase classname="com.ecommerce.testcases.HomePageTest" name="verifyTitle" time="4.695"/>
  <system-out/>
</testsuite> <!-- com.ecommerce.testcases.HomePageTest -->
