<?xml version="1.0" encoding="UTF-8"?>
<!-- Generated by org.testng.reporters.JUnitReportReporter -->
<testsuite hostname="DESKTOP-LR9MGE6" failures="0" tests="1" name="com.ecommerce.testcases.LoginPageTest" time="257.970" errors="0" timestamp="2024-06-20T19:59:07 IST" skipped="0">
  <testcase classname="com.ecommerce.testcases.LoginPageTest" name="loginTest" time="257.970"/>
  <system-out/>
</testsuite> <!-- com.ecommerce.testcases.LoginPageTest -->
