<?xml version="1.0" encoding="UTF-8"?>
<!-- Generated by org.testng.reporters.JUnitReportReporter -->
<testsuite hostname="DESKTOP-LR9MGE6" failures="0" tests="4" name="com.ecommerce.testcases.EcommerceEToE" time="431.858" errors="0" timestamp="2024-06-20T19:59:07 IST" skipped="0">
  <testcase classname="com.ecommerce.testcases.EcommerceEToE" name="addToCart" time="81.238"/>
  <system-out/>
  <testcase classname="com.ecommerce.testcases.EcommerceEToE" name="signIn" time="92.156"/>
  <system-out/>
  <testcase classname="com.ecommerce.testcases.EcommerceEToE" name="verifyLogin" time="109.746"/>
  <system-out/>
  <testcase classname="com.ecommerce.testcases.EcommerceEToE" name="searchProduct" time="148.718"/>
  <system-out/>
</testsuite> <!-- com.ecommerce.testcases.EcommerceEToE -->
