<?xml version="1.0" encoding="UTF-8"?>
<!-- Generated by org.testng.reporters.JUnitReportReporter -->
<testsuite hostname="DESKTOP-LR9MGE6" failures="0" tests="4" name="com.ecommerce.testcases.HomePageTest" time="321.132" errors="0" timestamp="2024-06-15T13:13:59 IST" skipped="0">
  <testcase classname="com.ecommerce.testcases.HomePageTest" name="verifyLogo" time="47.026"/>
  <system-out/>
  <testcase classname="com.ecommerce.testcases.HomePageTest" name="validViewPro" time="149.573"/>
  <system-out/>
  <testcase classname="com.ecommerce.testcases.HomePageTest" name="verifyTitle" time="96.199"/>
  <system-out/>
  <testcase classname="com.ecommerce.testcases.HomePageTest" name="validCart" time="28.334"/>
  <system-out/>
</testsuite> <!-- com.ecommerce.testcases.HomePageTest -->
