<?xml version="1.0" encoding="UTF-8"?>
<!-- Generated by org.testng.reporters.JUnitReportReporter -->
<testsuite hostname="DESKTOP-LR9MGE6" failures="0" tests="1" name="com.ecommerce.testcases.AccountPageTest" time="134.502" errors="0" timestamp="2024-06-15T13:51:55 IST" skipped="0">
  <testcase classname="com.ecommerce.testcases.AccountPageTest" name="verifycreateAccountPageTest" time="134.502"/>
  <system-out/>
</testsuite> <!-- com.ecommerce.testcases.AccountPageTest -->
